<?xml version="1.0" encoding="UTF-8"?>
<!-- Generated by org.testng.reporters.JUnitXMLReporter -->
<testsuite hostname="CarinaE" name="Surefire test" tests="27" failures="0" timestamp="14 Oct 2016 18:15:05 GMT" time="0.24" errors="0">
  <testcase name="test_LongerFirstName_Under30 on test_LongerFirstName_Under30(se.nackademin.examination.examination_jacoco.DataAnalysisTest)" time="0.006" classname="se.nackademin.examination.examination_jacoco.DataAnalysisTest"/>
  <testcase name="test_LongerFirstName_Over30 on test_LongerFirstName_Over30(se.nackademin.examination.examination_jacoco.DataAnalysisTest)" time="0.0" classname="se.nackademin.examination.examination_jacoco.DataAnalysisTest"/>
  <testcase name="test_ShorterFirstName_Over30 on test_ShorterFirstName_Over30(se.nackademin.examination.examination_jacoco.DataAnalysisTest)" time="0.001" classname="se.nackademin.examination.examination_jacoco.DataAnalysisTest"/>
  <testcase name="test_SmallCity_Over30 on test_SmallCity_Over30(se.nackademin.examination.examination_jacoco.DataAnalysisTest)" time="0.0" classname="se.nackademin.examination.examination_jacoco.DataAnalysisTest"/>
  <testcase name="test_SmallCity_Under30 on test_SmallCity_Under30(se.nackademin.examination.examination_jacoco.DataAnalysisTest)" time="0.001" classname="se.nackademin.examination.examination_jacoco.DataAnalysisTest"/>
  <testcase name="test_ShorterFirstName_Under30 on test_ShorterFirstName_Under30(se.nackademin.examination.examination_jacoco.DataAnalysisTest)" time="0.0" classname="se.nackademin.examination.examination_jacoco.DataAnalysisTest"/>
  <testcase name="test_BigCity_Under30 on test_BigCity_Under30(se.nackademin.examination.examination_jacoco.DataAnalysisTest)" time="0.0" classname="se.nackademin.examination.examination_jacoco.DataAnalysisTest"/>
  <testcase name="test_BigCity_Over30 on test_BigCity_Over30(se.nackademin.examination.examination_jacoco.DataAnalysisTest)" time="0.0" classname="se.nackademin.examination.examination_jacoco.DataAnalysisTest"/>
  <testcase name="test_GetGender on test_GetGender(se.nackademin.examination.examination_jacoco.GameTest)" time="0.0" classname="se.nackademin.examination.examination_jacoco.GameTest"/>
  <testcase name="test_GetAge on test_GetAge(se.nackademin.examination.examination_jacoco.GameTest)" time="0.0" classname="se.nackademin.examination.examination_jacoco.GameTest"/>
  <testcase name="test_Run on test_Run(se.nackademin.examination.examination_jacoco.GameTest)" time="0.002" classname="se.nackademin.examination.examination_jacoco.GameTest"/>
  <testcase name="test_CalculateHomeCityOutput on test_CalculateHomeCityOutput(se.nackademin.examination.examination_jacoco.GameTest)" time="0.001" classname="se.nackademin.examination.examination_jacoco.GameTest"/>
  <testcase name="test_BuildFinalString on test_BuildFinalString(se.nackademin.examination.examination_jacoco.GameTest)" time="0.001" classname="se.nackademin.examination.examination_jacoco.GameTest"/>
  <testcase name="test_CalculateGenderOutput on test_CalculateGenderOutput(se.nackademin.examination.examination_jacoco.GameTest)" time="0.0" classname="se.nackademin.examination.examination_jacoco.GameTest"/>
  <testcase name="test_CalculateAgeOutput on test_CalculateAgeOutput(se.nackademin.examination.examination_jacoco.GameTest)" time="0.001" classname="se.nackademin.examination.examination_jacoco.GameTest"/>
  <testcase name="test_CalculateNameOutput on test_CalculateNameOutput(se.nackademin.examination.examination_jacoco.GameTest)" time="0.0" classname="se.nackademin.examination.examination_jacoco.GameTest"/>
  <testcase name="test_RunGame on test_RunGame(se.nackademin.examination.examination_jacoco.GameTest)" time="0.002" classname="se.nackademin.examination.examination_jacoco.GameTest"/>
  <testcase name="testMainMethod on testMainMethod(se.nackademin.examination.examination_jacoco.MainTest)" time="0.003" classname="se.nackademin.examination.examination_jacoco.MainTest"/>
  <testcase name="testGenderGettersAndSettersMethods on testGenderGettersAndSettersMethods(se.nackademin.examination.examination_jacoco.ResultsFromInputsTest)" time="0.001" classname="se.nackademin.examination.examination_jacoco.ResultsFromInputsTest"/>
  <testcase name="testHomeCityGettersAndSettersMethods on testHomeCityGettersAndSettersMethods(se.nackademin.examination.examination_jacoco.ResultsFromInputsTest)" time="0.014" classname="se.nackademin.examination.examination_jacoco.ResultsFromInputsTest"/>
  <testcase name="testNameLengthGettersAndSettersMethods on testNameLengthGettersAndSettersMethods(se.nackademin.examination.examination_jacoco.ResultsFromInputsTest)" time="0.0" classname="se.nackademin.examination.examination_jacoco.ResultsFromInputsTest"/>
  <testcase name="testAgeGettersAndSettersMethods on testAgeGettersAndSettersMethods(se.nackademin.examination.examination_jacoco.ResultsFromInputsTest)" time="0.0" classname="se.nackademin.examination.examination_jacoco.ResultsFromInputsTest"/>
  <testcase name="testSetAndGetAge on testSetAndGetAge(se.nackademin.examination.examination_jacoco.ConversorTest)" time="0.0" classname="se.nackademin.examination.examination_jacoco.ConversorTest"/>
  <testcase name="testSetAndGetCity on testSetAndGetCity(se.nackademin.examination.examination_jacoco.ConversorTest)" time="0.0" classname="se.nackademin.examination.examination_jacoco.ConversorTest"/>
  <testcase name="testSetAndGetName on testSetAndGetName(se.nackademin.examination.examination_jacoco.ConversorTest)" time="0.0" classname="se.nackademin.examination.examination_jacoco.ConversorTest"/>
  <testcase name="testConversor on testConversor(se.nackademin.examination.examination_jacoco.ConversorTest)" time="0.0" classname="se.nackademin.examination.examination_jacoco.ConversorTest"/>
  <testcase name="testSetAndGetGender on testSetAndGetGender(se.nackademin.examination.examination_jacoco.ConversorTest)" time="0.003" classname="se.nackademin.examination.examination_jacoco.ConversorTest"/>
</testsuite> <!-- Surefire test -->
